Build started 2016-01-28 2:06:58 PM.
     1>Project "C:\GameDev\GraphicNetwork\ComponentFramework1.0\ComponentFramework\ComponentFramework.vcxproj" on node 2 (Build target(s)).
     1>ClCompile:
         C:\Program Files (x86)\Microsoft Visual Studio 12.0\VC\bin\CL.exe /c /ZI /nologo /W3 /WX- /sdl /Od /Oy- /D _MBCS /Gm /EHsc /RTC1 /MDd /GS /fp:precise /Zc:wchar_t /Zc:forScope /Fo"Debug\\" /Fd"Debug\vc120.pdb" /Gd /TP /analyze- /errorReport:prompt Scene0.cpp
         Scene0.cpp
       Link:
         C:\Program Files (x86)\Microsoft Visual Studio 12.0\VC\bin\link.exe /ERRORREPORT:PROMPT /OUT:"C:\GameDev\GraphicNetwork\ComponentFramework1.0\Debug\ComponentFramework.exe" /INCREMENTAL /NOLOGO "C:\GameDev\SDL2-2.0.3\lib\x86\SDL2.lib" "C:\GameDev\SDL2-2.0.3\lib\x86\SDL2main.lib" "C:\GameDev\glew-1.13.0\lib\Release\Win32\glew32.lib" "C:\GameDev\glew-1.13.0\lib\Release\Win32\glew32s.lib" "C:\Program Files (x86)\Windows Kits\8.1\Lib\winv6.3\um\x86\OpenGL32.lib" kernel32.lib user32.lib gdi32.lib winspool.lib comdlg32.lib advapi32.lib shell32.lib ole32.lib oleaut32.lib uuid.lib odbc32.lib odbccp32.lib /MANIFEST /MANIFESTUAC:"level='asInvoker' uiAccess='false'" /manifest:embed /DEBUG /PDB:"C:\GameDev\GraphicNetwork\ComponentFramework1.0\Debug\ComponentFramework.pdb" /SUBSYSTEM:CONSOLE /TLBID:1 /DYNAMICBASE /NXCOMPAT /IMPLIB:"C:\GameDev\GraphicNetwork\ComponentFramework1.0\Debug\ComponentFramework.lib" /MACHINE:X86 Debug\Camera.obj
         Debug\Debug.obj
         Debug\GameSceneManager.obj
         Debug\Graphics.obj
         Debug\Main.obj
         Debug\MMath.obj
         Debug\QMath.obj
         Debug\QuadSphere.obj
         Debug\Scene.obj
         Debug\Scene0.obj
         Debug\Timer.obj
         Debug\VMath.obj
         Debug\Window.obj
         ComponentFramework.vcxproj -> C:\GameDev\GraphicNetwork\ComponentFramework1.0\Debug\ComponentFramework.exe
     1>Done Building Project "C:\GameDev\GraphicNetwork\ComponentFramework1.0\ComponentFramework\ComponentFramework.vcxproj" (Build target(s)).

Build succeeded.

Time Elapsed 00:00:02.68
