c:\gamedev\scottgraphics+networking\componentframework1.0\componentframework\debug\vc120.pdb
c:\gamedev\scottgraphics+networking\componentframework1.0\componentframework\debug\vc120.idb
c:\gamedev\scottgraphics+networking\componentframework1.0\componentframework\debug\debug.obj
c:\gamedev\scottgraphics+networking\componentframework1.0\componentframework\debug\gamescenemanager.obj
c:\gamedev\scottgraphics+networking\componentframework1.0\componentframework\debug\scene0.obj
c:\gamedev\scottgraphics+networking\componentframework1.0\componentframework\debug\graphics.obj
c:\gamedev\scottgraphics+networking\componentframework1.0\componentframework\debug\main.obj
c:\gamedev\scottgraphics+networking\componentframework1.0\componentframework\debug\scene.obj
c:\gamedev\scottgraphics+networking\componentframework1.0\componentframework\debug\timer.obj
c:\gamedev\scottgraphics+networking\componentframework1.0\componentframework\debug\window.obj
c:\gamedev\scottgraphics+networking\componentframework1.0\debug\componentframework.ilk
c:\gamedev\scottgraphics+networking\componentframework1.0\debug\componentframework.exe
c:\gamedev\scottgraphics+networking\componentframework1.0\debug\componentframework.pdb
c:\gamedev\graphicnetwork\componentframework1.0\componentframework\debug\debug.obj
c:\gamedev\graphicnetwork\componentframework1.0\componentframework\debug\gamescenemanager.obj
c:\gamedev\graphicnetwork\componentframework1.0\componentframework\debug\graphics.obj
c:\gamedev\graphicnetwork\componentframework1.0\componentframework\debug\main.obj
c:\gamedev\graphicnetwork\componentframework1.0\componentframework\debug\scene.obj
c:\gamedev\graphicnetwork\componentframework1.0\componentframework\debug\scene0.obj
c:\gamedev\graphicnetwork\componentframework1.0\componentframework\debug\timer.obj
c:\gamedev\graphicnetwork\componentframework1.0\componentframework\debug\window.obj
c:\gamedev\graphicnetwork\componentframework1.0\componentframework\debug\vc120.idb
c:\gamedev\graphicnetwork\componentframework1.0\componentframework\debug\vc120.pdb
c:\gamedev\graphicnetwork\componentframework1.0\debug\componentframework.pdb
c:\gamedev\graphicnetwork\componentframework1.0\debug\componentframework.exe
c:\gamedev\graphicnetwork\componentframework1.0\debug\componentframework.ilk
c:\gamedev\graphicnetwork\componentframework1.0\componentframework\debug\componen.f2dcb53b.tlog\cl.command.1.tlog
c:\gamedev\graphicnetwork\componentframework1.0\componentframework\debug\componen.f2dcb53b.tlog\cl.read.1.tlog
c:\gamedev\graphicnetwork\componentframework1.0\componentframework\debug\componen.f2dcb53b.tlog\cl.write.1.tlog
c:\gamedev\graphicnetwork\componentframework1.0\componentframework\debug\componen.f2dcb53b.tlog\link.command.1.tlog
c:\gamedev\graphicnetwork\componentframework1.0\componentframework\debug\componen.f2dcb53b.tlog\link.read.1.tlog
c:\gamedev\graphicnetwork\componentframework1.0\componentframework\debug\componen.f2dcb53b.tlog\link.write.1.tlog
