c:\users\fielders\desktop\componentframework3.1\componentframework\debug\vc120.pdb
c:\users\fielders\desktop\componentframework3.1\componentframework\debug\vc120.idb
c:\users\fielders\desktop\componentframework3.1\componentframework\debug\debug.obj
c:\users\fielders\desktop\componentframework3.1\componentframework\debug\gamescenemanager.obj
c:\users\fielders\desktop\componentframework3.1\componentframework\debug\model0.obj
c:\users\fielders\desktop\componentframework3.1\componentframework\debug\renderer.obj
c:\users\fielders\desktop\componentframework3.1\componentframework\debug\main.obj
c:\users\fielders\desktop\componentframework3.1\componentframework\debug\mmath.obj
c:\users\fielders\desktop\componentframework3.1\componentframework\debug\quadsphere.obj
c:\users\fielders\desktop\componentframework3.1\componentframework\debug\scene.obj
c:\users\fielders\desktop\componentframework3.1\componentframework\debug\scene0.obj
c:\users\fielders\desktop\componentframework3.1\componentframework\debug\shader.obj
c:\users\fielders\desktop\componentframework3.1\componentframework\debug\timer.obj
c:\users\fielders\desktop\componentframework3.1\componentframework\debug\vmath.obj
c:\users\fielders\desktop\componentframework3.1\componentframework\debug\window.obj
c:\users\fielders\desktop\componentframework3.1\debug\componentframework.ilk
c:\users\fielders\desktop\componentframework3.1\debug\componentframework.exe
c:\users\fielders\desktop\componentframework3.1\debug\componentframework.pdb
c:\users\fielders\desktop\componentframework3.1\componentframework\debug\componen.f2dcb53b.tlog\cl.command.1.tlog
c:\users\fielders\desktop\componentframework3.1\componentframework\debug\componen.f2dcb53b.tlog\cl.read.1.tlog
c:\users\fielders\desktop\componentframework3.1\componentframework\debug\componen.f2dcb53b.tlog\cl.write.1.tlog
c:\users\fielders\desktop\componentframework3.1\componentframework\debug\componen.f2dcb53b.tlog\link.command.1.tlog
c:\users\fielders\desktop\componentframework3.1\componentframework\debug\componen.f2dcb53b.tlog\link.read.1.tlog
c:\users\fielders\desktop\componentframework3.1\componentframework\debug\componen.f2dcb53b.tlog\link.write.1.tlog
