c:\gamedev\graphicnetwork\componentframework3.1\componentframework\debug\vc120.pdb
c:\gamedev\graphicnetwork\componentframework3.1\componentframework\debug\vc120.idb
c:\gamedev\graphicnetwork\componentframework3.1\componentframework\debug\clientmain.obj
c:\gamedev\graphicnetwork\componentframework3.1\componentframework\debug\debug.obj
c:\gamedev\graphicnetwork\componentframework3.1\componentframework\debug\gamescenemanager.obj
c:\gamedev\graphicnetwork\componentframework3.1\componentframework\debug\loadtextureraw.obj
c:\gamedev\graphicnetwork\componentframework3.1\componentframework\debug\model0.obj
c:\gamedev\graphicnetwork\componentframework3.1\componentframework\debug\main.obj
c:\gamedev\graphicnetwork\componentframework3.1\componentframework\debug\mmath.obj
c:\gamedev\graphicnetwork\componentframework3.1\componentframework\debug\quadsphere.obj
c:\gamedev\graphicnetwork\componentframework3.1\componentframework\debug\scene.obj
c:\gamedev\graphicnetwork\componentframework3.1\componentframework\debug\scene0.obj
c:\gamedev\graphicnetwork\componentframework3.1\componentframework\debug\tcpservermain.obj
c:\gamedev\graphicnetwork\componentframework3.1\componentframework\debug\shader.obj
c:\gamedev\graphicnetwork\componentframework3.1\componentframework\debug\texturedcube.obj
c:\gamedev\graphicnetwork\componentframework3.1\componentframework\debug\timer.obj
c:\gamedev\graphicnetwork\componentframework3.1\componentframework\debug\trackball.obj
c:\gamedev\graphicnetwork\componentframework3.1\componentframework\debug\udpclientmain.obj
c:\gamedev\graphicnetwork\componentframework3.1\componentframework\debug\udpservermain.obj
c:\gamedev\graphicnetwork\componentframework3.1\componentframework\debug\vmath.obj
c:\gamedev\graphicnetwork\componentframework3.1\componentframework\debug\window.obj
c:\gamedev\graphicnetwork\componentframework3.1\debug\componentframeworkgraphics.ilk
c:\gamedev\graphicnetwork\componentframework3.1\debug\componentframeworkgraphics.exe
c:\gamedev\graphicnetwork\componentframework3.1\debug\componentframeworkgraphics.pdb
c:\gamedev\graphicnetwork\componentframework3.1\componentframework\debug\componen.f2dcb53b.tlog\cl.command.1.tlog
c:\gamedev\graphicnetwork\componentframework3.1\componentframework\debug\componen.f2dcb53b.tlog\cl.read.1.tlog
c:\gamedev\graphicnetwork\componentframework3.1\componentframework\debug\componen.f2dcb53b.tlog\cl.write.1.tlog
c:\gamedev\graphicnetwork\componentframework3.1\componentframework\debug\componen.f2dcb53b.tlog\link.command.1.tlog
c:\gamedev\graphicnetwork\componentframework3.1\componentframework\debug\componen.f2dcb53b.tlog\link.read.1.tlog
c:\gamedev\graphicnetwork\componentframework3.1\componentframework\debug\componen.f2dcb53b.tlog\link.write.1.tlog
